This is pdfTeX, Version 3.141592653-2.6-1.40.26 (TeX Live 2024) (preloaded format=pdflatex 2024.4.29)  30 APR 2024 15:31
entering extended mode
 restricted \write18 enabled.
 file:line:error style messages enabled.
 %&-line parsing enabled.
**"c:/Users/loren/OneDrive/Documenti/Università/2_LAB of Big Data Architectures/GreenTeam/Report/main.tex"
(c:/Users/loren/OneDrive/Documenti/Università/2_LAB of Big Data Architectures/GreenTeam/Report/main.tex
LaTeX2e <2023-11-01> patch level 1
L3 programming layer <2024-03-14>
(c:/texlive/2024/texmf-dist/tex/latex/base/article.cls
Document Class: article 2023/05/17 v1.4n Standard LaTeX document class
(c:/texlive/2024/texmf-dist/tex/latex/base/size12.clo
File: size12.clo 2023/05/17 v1.4n Standard LaTeX file (size option)
)
\c@part=\count188
\c@section=\count189
\c@subsection=\count190
\c@subsubsection=\count191
\c@paragraph=\count192
\c@subparagraph=\count193
\c@figure=\count194
\c@table=\count195
\abovecaptionskip=\skip48
\belowcaptionskip=\skip49
\bibindent=\dimen140
) (c:/texlive/2024/texmf-dist/tex/latex/listings/listings.sty (c:/texlive/2024/texmf-dist/tex/latex/graphics/keyval.sty
Package: keyval 2022/05/29 v1.15 key=value parser (DPC)
\KV@toks@=\toks17
)
\lst@mode=\count196
\lst@gtempboxa=\box51
\lst@token=\toks18
\lst@length=\count197
\lst@currlwidth=\dimen141
\lst@column=\count198
\lst@pos=\count199
\lst@lostspace=\dimen142
\lst@width=\dimen143
\lst@newlines=\count266
\lst@lineno=\count267
\lst@maxwidth=\dimen144
 (c:/texlive/2024/texmf-dist/tex/latex/listings/lstpatch.sty
File: lstpatch.sty 2024/03/11 1.10a (Carsten Heinz)
) (c:/texlive/2024/texmf-dist/tex/latex/listings/lstmisc.sty
File: lstmisc.sty 2024/03/11 1.10a (Carsten Heinz)
\c@lstnumber=\count268
\lst@skipnumbers=\count269
\lst@framebox=\box52
) (c:/texlive/2024/texmf-dist/tex/latex/listings/listings.cfg
File: listings.cfg 2024/03/11 1.10a listings configuration
))
Package: listings 2024/03/11 1.10a (Carsten Heinz)
 (c:/texlive/2024/texmf-dist/tex/latex/base/fontenc.sty
Package: fontenc 2021/04/29 v2.0v Standard LaTeX package
) (c:/texlive/2024/texmf-dist/tex/latex/caption/subcaption.sty
Package: subcaption 2023/07/28 v1.6b Sub-captions (AR)
 (c:/texlive/2024/texmf-dist/tex/latex/caption/caption.sty
Package: caption 2023/08/05 v3.6o Customizing captions (AR)
 (c:/texlive/2024/texmf-dist/tex/latex/caption/caption3.sty
Package: caption3 2023/07/31 v2.4d caption3 kernel (AR)
\caption@tempdima=\dimen145
\captionmargin=\dimen146
\caption@leftmargin=\dimen147
\caption@rightmargin=\dimen148
\caption@width=\dimen149
\caption@indent=\dimen150
\caption@parindent=\dimen151
\caption@hangindent=\dimen152
Package caption Info: Standard document class detected.
)
\c@caption@flags=\count270
\c@continuedfloat=\count271
Package caption Info: listings package is loaded.
)
Package caption Info: New subtype `subfigure' on input line 238.
\c@subfigure=\count272
Package caption Info: New subtype `subtable' on input line 238.
\c@subtable=\count273
) (./Layout/EngReport.sty
Package: ./Layout/EngReport 
 (c:/texlive/2024/texmf-dist/tex/latex/base/inputenc.sty
Package: inputenc 2021/02/14 v1.3d Input encoding file
\inpenc@prehook=\toks19
\inpenc@posthook=\toks20
) (c:/texlive/2024/texmf-dist/tex/latex/lipsum/lipsum.sty (c:/texlive/2024/texmf-dist/tex/latex/l3packages/l3keys2e/l3keys2e.sty (c:/texlive/2024/texmf-dist/tex/latex/l3kernel/expl3.sty
Package: expl3 2024-03-14 L3 programming layer (loader) 
 (c:/texlive/2024/texmf-dist/tex/latex/l3backend/l3backend-pdftex.def
File: l3backend-pdftex.def 2024-03-14 L3 backend support: PDF output (pdfTeX)
\l__color_backend_stack_int=\count274
\l__pdf_internal_box=\box53
))
Package: l3keys2e 2024-03-14 LaTeX2e option processing using LaTeX3 keys
)
Package: lipsum 2021-09-20 v2.7 150 paragraphs of Lorem Ipsum dummy text
\g__lipsum_par_int=\count275
\l__lipsum_a_int=\count276
\l__lipsum_b_int=\count277
 (c:/texlive/2024/texmf-dist/tex/latex/lipsum/lipsum.ltd.tex)) (c:/texlive/2024/texmf-dist/tex/latex/anyfontsize/anyfontsize.sty
Package: anyfontsize 2007/11/22 anyfontsize.sty by pts
) (c:/texlive/2024/texmf-dist/tex/latex/fancyhdr/fancyhdr.sty
Package: fancyhdr 2024/04/23 v4.2 Extensive control of page headers and footers
\f@nch@headwidth=\skip50
\f@nch@O@elh=\skip51
\f@nch@O@erh=\skip52
\f@nch@O@olh=\skip53
\f@nch@O@orh=\skip54
\f@nch@O@elf=\skip55
\f@nch@O@erf=\skip56
\f@nch@O@olf=\skip57
\f@nch@O@orf=\skip58
) (c:/texlive/2024/texmf-dist/tex/latex/tools/multicol.sty
Package: multicol 2023/03/30 v1.9f multicolumn formatting (FMi)
\c@tracingmulticols=\count278
\mult@box=\box54
\multicol@leftmargin=\dimen153
\c@unbalance=\count279
\c@collectmore=\count280
\doublecol@number=\count281
\multicoltolerance=\count282
\multicolpretolerance=\count283
\full@width=\dimen154
\page@free=\dimen155
\premulticols=\dimen156
\postmulticols=\dimen157
\multicolsep=\skip59
\multicolbaselineskip=\skip60
\partial@page=\box55
\last@line=\box56
\mc@boxedresult=\box57
\maxbalancingoverflow=\dimen158
\mult@rightbox=\box58
\mult@grightbox=\box59
\mult@firstbox=\box60
\mult@gfirstbox=\box61
\@tempa=\box62
\@tempa=\box63
\@tempa=\box64
\@tempa=\box65
\@tempa=\box66
\@tempa=\box67
\@tempa=\box68
\@tempa=\box69
\@tempa=\box70
\@tempa=\box71
\@tempa=\box72
\@tempa=\box73
\@tempa=\box74
\@tempa=\box75
\@tempa=\box76
\@tempa=\box77
\@tempa=\box78
\@tempa=\box79
\@tempa=\box80
\@tempa=\box81
\@tempa=\box82
\@tempa=\box83
\@tempa=\box84
\@tempa=\box85
\@tempa=\box86
\@tempa=\box87
\@tempa=\box88
\@tempa=\box89
\@tempa=\box90
\@tempa=\box91
\@tempa=\box92
\@tempa=\box93
\@tempa=\box94
\@tempa=\box95
\@tempa=\box96
\@tempa=\box97
\c@minrows=\count284
\c@columnbadness=\count285
\c@finalcolumnbadness=\count286
\last@try=\dimen159
\multicolovershoot=\dimen160
\multicolundershoot=\dimen161
\mult@nat@firstbox=\box98
\colbreak@box=\box99
\mc@col@check@num=\count287
) (c:/texlive/2024/texmf-dist/tex/latex/titling/titling.sty
Package: titling 2009/09/04 v2.1d maketitle typesetting
\thanksmarkwidth=\skip61
\thanksmargin=\skip62
\droptitle=\skip63
) (c:/texlive/2024/texmf-dist/tex/latex/geometry/geometry.sty
Package: geometry 2020/01/02 v5.9 Page Geometry
 (c:/texlive/2024/texmf-dist/tex/generic/iftex/ifvtex.sty
Package: ifvtex 2019/10/25 v1.7 ifvtex legacy package. Use iftex instead.
 (c:/texlive/2024/texmf-dist/tex/generic/iftex/iftex.sty
Package: iftex 2022/02/03 v1.0f TeX engine tests
))
\Gm@cnth=\count288
\Gm@cntv=\count289
\c@Gm@tempcnt=\count290
\Gm@bindingoffset=\dimen162
\Gm@wd@mp=\dimen163
\Gm@odd@mp=\dimen164
\Gm@even@mp=\dimen165
\Gm@layoutwidth=\dimen166
\Gm@layoutheight=\dimen167
\Gm@layouthoffset=\dimen168
\Gm@layoutvoffset=\dimen169
\Gm@dimlist=\toks21
) (c:/texlive/2024/texmf-dist/tex/latex/setspace/setspace.sty
Package: setspace 2022/12/04 v6.7b set line spacing
) (c:/texlive/2024/texmf-dist/tex/latex/biblatex/biblatex.sty
Package: biblatex 2024/03/21 v3.20 programmable bibliographies (PK/MW)
 (c:/texlive/2024/texmf-dist/tex/generic/pdftexcmds/pdftexcmds.sty
Package: pdftexcmds 2020-06-27 v0.33 Utility functions of pdfTeX for LuaTeX (HO)
 (c:/texlive/2024/texmf-dist/tex/generic/infwarerr/infwarerr.sty
Package: infwarerr 2019/12/03 v1.5 Providing info/warning/error messages (HO)
) (c:/texlive/2024/texmf-dist/tex/generic/ltxcmds/ltxcmds.sty
Package: ltxcmds 2023-12-04 v1.26 LaTeX kernel commands for general use (HO)
)
Package pdftexcmds Info: \pdf@primitive is available.
Package pdftexcmds Info: \pdf@ifprimitive is available.
Package pdftexcmds Info: \pdfdraftmode found.
) (c:/texlive/2024/texmf-dist/tex/latex/etoolbox/etoolbox.sty
Package: etoolbox 2020/10/05 v2.5k e-TeX tools for LaTeX (JAW)
\etb@tempcnta=\count291
) (c:/texlive/2024/texmf-dist/tex/latex/kvoptions/kvoptions.sty
Package: kvoptions 2022-06-15 v3.15 Key value format for package options (HO)
 (c:/texlive/2024/texmf-dist/tex/latex/kvsetkeys/kvsetkeys.sty
Package: kvsetkeys 2022-10-05 v1.19 Key value parser (HO)
)) (c:/texlive/2024/texmf-dist/tex/latex/logreq/logreq.sty
Package: logreq 2010/08/04 v1.0 xml request logger
\lrq@indent=\count292
 (c:/texlive/2024/texmf-dist/tex/latex/logreq/logreq.def
File: logreq.def 2010/08/04 v1.0 logreq spec v1.0
)) (c:/texlive/2024/texmf-dist/tex/latex/base/ifthen.sty
Package: ifthen 2022/04/13 v1.1d Standard LaTeX ifthen package (DPC)
) (c:/texlive/2024/texmf-dist/tex/latex/url/url.sty
\Urlmuskip=\muskip16
Package: url 2013/09/16  ver 3.4  Verb mode for urls, etc.
)
\c@tabx@nest=\count293
\c@listtotal=\count294
\c@listcount=\count295
\c@liststart=\count296
\c@liststop=\count297
\c@citecount=\count298
\c@citetotal=\count299
\c@multicitecount=\count300
\c@multicitetotal=\count301
\c@instcount=\count302
\c@maxnames=\count303
\c@minnames=\count304
\c@maxitems=\count305
\c@minitems=\count306
\c@citecounter=\count307
\c@maxcitecounter=\count308
\c@savedcitecounter=\count309
\c@uniquelist=\count310
\c@uniquename=\count311
\c@refsection=\count312
\c@refsegment=\count313
\c@maxextratitle=\count314
\c@maxextratitleyear=\count315
\c@maxextraname=\count316
\c@maxextradate=\count317
\c@maxextraalpha=\count318
\c@abbrvpenalty=\count319
\c@highnamepenalty=\count320
\c@lownamepenalty=\count321
\c@maxparens=\count322
\c@parenlevel=\count323
\blx@tempcnta=\count324
\blx@tempcntb=\count325
\blx@tempcntc=\count326
\c@blx@maxsection=\count327
\blx@maxsegment@0=\count328
\blx@notetype=\count329
\blx@parenlevel@text=\count330
\blx@parenlevel@foot=\count331
\blx@sectionciteorder@0=\count332
\blx@sectionciteorderinternal@0=\count333
\blx@entrysetcounter=\count334
\blx@biblioinstance=\count335
\labelnumberwidth=\skip64
\labelalphawidth=\skip65
\biblabelsep=\skip66
\bibitemsep=\skip67
\bibnamesep=\skip68
\bibinitsep=\skip69
\bibparsep=\skip70
\bibhang=\skip71
\blx@bcfin=\read2
\blx@bcfout=\write3
\blx@langwohyphens=\language89
\c@mincomprange=\count336
\c@maxcomprange=\count337
\c@mincompwidth=\count338
Package biblatex Info: Trying to load biblatex default data model...
Package biblatex Info: ... file 'blx-dm.def' found.
 (c:/texlive/2024/texmf-dist/tex/latex/biblatex/blx-dm.def
File: blx-dm.def 2024/03/21 v3.20 biblatex datamodel (PK/MW)
)
Package biblatex Info: Trying to load biblatex custom data model...
Package biblatex Info: ... file 'biblatex-dm.cfg' not found.
\c@afterword=\count339
\c@savedafterword=\count340
\c@annotator=\count341
\c@savedannotator=\count342
\c@author=\count343
\c@savedauthor=\count344
\c@bookauthor=\count345
\c@savedbookauthor=\count346
\c@commentator=\count347
\c@savedcommentator=\count348
\c@editor=\count349
\c@savededitor=\count350
\c@editora=\count351
\c@savededitora=\count352
\c@editorb=\count353
\c@savededitorb=\count354
\c@editorc=\count355
\c@savededitorc=\count356
\c@foreword=\count357
\c@savedforeword=\count358
\c@holder=\count359
\c@savedholder=\count360
\c@introduction=\count361
\c@savedintroduction=\count362
\c@namea=\count363
\c@savednamea=\count364
\c@nameb=\count365
\c@savednameb=\count366
\c@namec=\count367
\c@savednamec=\count368
\c@translator=\count369
\c@savedtranslator=\count370
\c@shortauthor=\count371
\c@savedshortauthor=\count372
\c@shorteditor=\count373
\c@savedshorteditor=\count374
\c@labelname=\count375
\c@savedlabelname=\count376
\c@institution=\count377
\c@savedinstitution=\count378
\c@lista=\count379
\c@savedlista=\count380
\c@listb=\count381
\c@savedlistb=\count382
\c@listc=\count383
\c@savedlistc=\count384
\c@listd=\count385
\c@savedlistd=\count386
\c@liste=\count387
\c@savedliste=\count388
\c@listf=\count389
\c@savedlistf=\count390
\c@location=\count391
\c@savedlocation=\count392
\c@organization=\count393
\c@savedorganization=\count394
\c@origlocation=\count395
\c@savedoriglocation=\count396
\c@origpublisher=\count397
\c@savedorigpublisher=\count398
\c@publisher=\count399
\c@savedpublisher=\count400
\c@language=\count401
\c@savedlanguage=\count402
\c@origlanguage=\count403
\c@savedoriglanguage=\count404
\c@pageref=\count405
\c@savedpageref=\count406
\shorthandwidth=\skip72
\shortjournalwidth=\skip73
\shortserieswidth=\skip74
\shorttitlewidth=\skip75
\shortauthorwidth=\skip76
\shorteditorwidth=\skip77
\locallabelnumberwidth=\skip78
\locallabelalphawidth=\skip79
\localshorthandwidth=\skip80
\localshortjournalwidth=\skip81
\localshortserieswidth=\skip82
\localshorttitlewidth=\skip83
\localshortauthorwidth=\skip84
\localshorteditorwidth=\skip85
Package biblatex Info: Trying to load compatibility code...
Package biblatex Info: ... file 'blx-compat.def' found.
 (c:/texlive/2024/texmf-dist/tex/latex/biblatex/blx-compat.def
File: blx-compat.def 2024/03/21 v3.20 biblatex compatibility (PK/MW)
)
Package biblatex Info: Trying to load generic definitions...
Package biblatex Info: ... file 'biblatex.def' found.
 (c:/texlive/2024/texmf-dist/tex/latex/biblatex/biblatex.def
File: biblatex.def 2024/03/21 v3.20 biblatex compatibility (PK/MW)
\c@textcitecount=\count407
\c@textcitetotal=\count408
\c@textcitemaxnames=\count409
\c@biburlbigbreakpenalty=\count410
\c@biburlbreakpenalty=\count411
\c@biburlnumpenalty=\count412
\c@biburlucpenalty=\count413
\c@biburllcpenalty=\count414
\biburlbigskip=\muskip17
\biburlnumskip=\muskip18
\biburlucskip=\muskip19
\biburllcskip=\muskip20
\c@smartand=\count415
)
Package biblatex Info: Trying to load bibliography style 'numeric'...
Package biblatex Info: ... file 'numeric.bbx' found.
 (c:/texlive/2024/texmf-dist/tex/latex/biblatex/bbx/numeric.bbx
File: numeric.bbx 2024/03/21 v3.20 biblatex bibliography style (PK/MW)
Package biblatex Info: Trying to load bibliography style 'standard'...
Package biblatex Info: ... file 'standard.bbx' found.
 (c:/texlive/2024/texmf-dist/tex/latex/biblatex/bbx/standard.bbx
File: standard.bbx 2024/03/21 v3.20 biblatex bibliography style (PK/MW)
\c@bbx:relatedcount=\count416
\c@bbx:relatedtotal=\count417
))
Package biblatex Info: Trying to load citation style 'numeric'...
Package biblatex Info: ... file 'numeric.cbx' found.
 (c:/texlive/2024/texmf-dist/tex/latex/biblatex/cbx/numeric.cbx
File: numeric.cbx 2024/03/21 v3.20 biblatex citation style (PK/MW)
Package biblatex Info: Redefining '\cite'.
Package biblatex Info: Redefining '\parencite'.
Package biblatex Info: Redefining '\footcite'.
Package biblatex Info: Redefining '\footcitetext'.
Package biblatex Info: Redefining '\smartcite'.
Package biblatex Info: Redefining '\supercite'.
Package biblatex Info: Redefining '\textcite'.
Package biblatex Info: Redefining '\textcites'.
Package biblatex Info: Redefining '\cites'.
Package biblatex Info: Redefining '\parencites'.
Package biblatex Info: Redefining '\smartcites'.
)
Package biblatex Info: Trying to load configuration file...
Package biblatex Info: ... file 'biblatex.cfg' found.
 (c:/texlive/2024/texmf-dist/tex/latex/biblatex/biblatex.cfg
File: biblatex.cfg 
)
Package biblatex Info: Input encoding 'utf8' detected.
Package biblatex Info: Document encoding is UTF8 ....
Package biblatex Info: ... and expl3
(biblatex)             2024-03-14 L3 programming layer (loader) 
(biblatex)             is new enough (at least 2020/04/06),
(biblatex)             setting 'casechanger=expl3'.
 (c:/texlive/2024/texmf-dist/tex/latex/biblatex/blx-case-expl3.sty (c:/texlive/2024/texmf-dist/tex/latex/l3packages/xparse/xparse.sty
Package: xparse 2024-03-14 L3 Experimental document command parser
)
Package: blx-case-expl3 2024/03/21 v3.20 expl3 case changing code for biblatex
)) (c:/texlive/2024/texmf-dist/tex/latex/graphics/graphicx.sty
Package: graphicx 2021/09/16 v1.2d Enhanced LaTeX Graphics (DPC,SPQR)
 (c:/texlive/2024/texmf-dist/tex/latex/graphics/graphics.sty
Package: graphics 2022/03/10 v1.4e Standard LaTeX Graphics (DPC,SPQR)
 (c:/texlive/2024/texmf-dist/tex/latex/graphics/trig.sty
Package: trig 2021/08/11 v1.11 sin cos tan (DPC)
) (c:/texlive/2024/texmf-dist/tex/latex/graphics-cfg/graphics.cfg
File: graphics.cfg 2016/06/04 v1.11 sample graphics configuration
)
Package graphics Info: Driver file: pdftex.def on input line 107.
 (c:/texlive/2024/texmf-dist/tex/latex/graphics-def/pdftex.def
File: pdftex.def 2024/04/13 v1.2c Graphics/color driver for pdftex
))
\Gin@req@height=\dimen170
\Gin@req@width=\dimen171
) (c:/texlive/2024/texmf-dist/tex/latex/float/float.sty
Package: float 2001/11/08 v1.3d Float enhancements (AL)
\c@float@type=\count418
\float@exts=\toks22
\float@box=\box100
\@float@everytoks=\toks23
\@floatcapt=\box101
) (c:/texlive/2024/texmf-dist/tex/latex/wrapfig2/wrapfig2.sty
Package: wrapfig2 2024-01-18 v.7.0.0 Wrap text around figures, tables, framed text blocks
 (c:/texlive/2024/texmf-dist/tex/latex/l3packages/xfp/xfp.sty
Package: xfp 2024-03-14 L3 Floating point unit
) (c:/texlive/2024/texmf-dist/tex/latex/xcolor/xcolor.sty
Package: xcolor 2023/11/15 v3.01 LaTeX color extensions (UK)
 (c:/texlive/2024/texmf-dist/tex/latex/graphics-cfg/color.cfg
File: color.cfg 2016/01/02 v1.6 sample color configuration
)
Package xcolor Info: Driver file: pdftex.def on input line 274.
 (c:/texlive/2024/texmf-dist/tex/latex/graphics/mathcolor.ltx)
Package xcolor Info: Model `cmy' substituted by `cmy0' on input line 1350.
Package xcolor Info: Model `hsb' substituted by `rgb' on input line 1354.
Package xcolor Info: Model `RGB' extended on input line 1366.
Package xcolor Info: Model `HTML' substituted by `rgb' on input line 1368.
Package xcolor Info: Model `Hsb' substituted by `hsb' on input line 1369.
Package xcolor Info: Model `tHsb' substituted by `hsb' on input line 1370.
Package xcolor Info: Model `HSB' substituted by `hsb' on input line 1371.
Package xcolor Info: Model `Gray' substituted by `gray' on input line 1372.
Package xcolor Info: Model `wave' substituted by `hsb' on input line 1373.
) (c:/texlive/2024/texmf-dist/tex/latex/pict2e/pict2e.sty
Package: pict2e 2020/09/30 v0.4b Improved picture commands (HjG,RN,JT)
 (c:/texlive/2024/texmf-dist/tex/latex/pict2e/pict2e.cfg
File: pict2e.cfg 2016/02/05 v0.1u pict2e configuration for teTeX/TeXLive
)
Package pict2e Info: Driver file: pdftex.def on input line 112.
Package pict2e Info: Driver file for pict2e: p2e-pdftex.def on input line 114.
 (c:/texlive/2024/texmf-dist/tex/latex/pict2e/p2e-pdftex.def
File: p2e-pdftex.def 2016/02/05 v0.1u Driver-dependant file (RN,HjG,JT)
)
\pIIe@GRAPH=\toks24
\@arclen=\dimen172
\@arcrad=\dimen173
\pIIe@tempdima=\dimen174
\pIIe@tempdimb=\dimen175
\pIIe@tempdimc=\dimen176
\pIIe@tempdimd=\dimen177
\pIIe@tempdime=\dimen178
\pIIe@tempdimf=\dimen179
) (c:/texlive/2024/texmf-dist/tex/latex/xkeyval/xkeyval.sty
Package: xkeyval 2022/06/16 v2.9 package option processing (HA)
 (c:/texlive/2024/texmf-dist/tex/generic/xkeyval/xkeyval.tex (c:/texlive/2024/texmf-dist/tex/generic/xkeyval/xkvutils.tex
\XKV@toks=\toks25
\XKV@tempa@toks=\toks26
)
\XKV@depth=\count419
File: xkeyval.tex 2014/12/03 v2.7a key=value parser (HA)
))
\@float@every@text=\toks27
\c@text=\count420
\wrapoverhang=\dimen180
\WF@size=\dimen181
\c@WF@wrappedlines=\count421
\WF@box=\box102
\NWF@box=\box103
\WF@everypar=\toks28
\WF@correctlines@switch=\count422
\WFfrthick=\skip86
\WFfrgap=\skip87
\WFfrwidth=\skip88
\WFfrheight=\skip89
\insertwidth=\dimen182
\WFXR=\skip90
\WFYD=\skip91
\WFXL=\skip92
\WFYU=\skip93
\radius=\dimen183
\WFinsertwidthL=\dimen184
\WFinsertwidthH=\dimen185
) (c:/texlive/2024/texmf-dist/tex/latex/base/textcomp.sty
Package: textcomp 2020/02/02 v2.0n Standard LaTeX package
) (c:/texlive/2024/texmf-dist/tex/latex/gensymb/gensymb.sty
Package: gensymb 2022/10/17 v1.0.2 (KJH)
) (c:/texlive/2024/texmf-dist/tex/latex/siunitx/siunitx.sty
Package: siunitx 2024-04-24 v3.3.16 A comprehensive (SI) units package
\l__siunitx_number_uncert_offset_int=\count423
\l__siunitx_number_exponent_fixed_int=\count424
\l__siunitx_number_min_decimal_int=\count425
\l__siunitx_number_min_integer_int=\count426
\l__siunitx_number_round_precision_int=\count427
\l__siunitx_number_lower_threshold_int=\count428
\l__siunitx_number_upper_threshold_int=\count429
\l__siunitx_number_group_first_int=\count430
\l__siunitx_number_group_size_int=\count431
\l__siunitx_number_group_minimum_int=\count432
\l__siunitx_angle_tmp_dim=\dimen186
\l__siunitx_angle_marker_box=\box104
\l__siunitx_angle_unit_box=\box105
\l__siunitx_compound_count_int=\count433
 (c:/texlive/2024/texmf-dist/tex/latex/translations/translations.sty
Package: translations 2022/02/05 v1.12 internationalization of LaTeX2e packages (CN)
) (c:/texlive/2024/texmf-dist/tex/latex/amsmath/amstext.sty
Package: amstext 2021/08/26 v2.01 AMS text
 (c:/texlive/2024/texmf-dist/tex/latex/amsmath/amsgen.sty
File: amsgen.sty 1999/11/30 v2.0 generic functions
\@emptytoks=\toks29
\ex@=\dimen187
)
LaTeX Info: Redefining \text on input line 28.
)
\l__siunitx_table_tmp_box=\box106
\l__siunitx_table_tmp_dim=\dimen188
\l__siunitx_table_column_width_dim=\dimen189
\l__siunitx_table_integer_box=\box107
\l__siunitx_table_decimal_box=\box108
\l__siunitx_table_uncert_box=\box109
\l__siunitx_table_before_box=\box110
\l__siunitx_table_after_box=\box111
\l__siunitx_table_before_dim=\dimen190
\l__siunitx_table_carry_dim=\dimen191
\l__siunitx_unit_tmp_int=\count434
\l__siunitx_unit_position_int=\count435
\l__siunitx_unit_total_int=\count436
 (c:/texlive/2024/texmf-dist/tex/latex/tools/array.sty
Package: array 2023/10/16 v2.5g Tabular extension package (FMi)
\col@sep=\dimen192
\ar@mcellbox=\box112
\extrarowheight=\dimen193
\NC@list=\toks30
\extratabsurround=\skip94
\backup@length=\skip95
\ar@cellbox=\box113
)) (c:/texlive/2024/texmf-dist/tex/latex/mathtools/mathtools.sty
Package: mathtools 2024/03/11 v1.30 mathematical typesetting tools
 (c:/texlive/2024/texmf-dist/tex/latex/tools/calc.sty
Package: calc 2023/07/08 v4.3 Infix arithmetic (KKT,FJ)
\calc@Acount=\count437
\calc@Bcount=\count438
\calc@Adimen=\dimen194
\calc@Bdimen=\dimen195
\calc@Askip=\skip96
\calc@Bskip=\skip97
LaTeX Info: Redefining \setlength on input line 80.
LaTeX Info: Redefining \addtolength on input line 81.
\calc@Ccount=\count439
\calc@Cskip=\skip98
) (c:/texlive/2024/texmf-dist/tex/latex/mathtools/mhsetup.sty
Package: mhsetup 2021/03/18 v1.4 programming setup (MH)
) (c:/texlive/2024/texmf-dist/tex/latex/amsmath/amsmath.sty
Package: amsmath 2023/05/13 v2.17o AMS math features
\@mathmargin=\skip99

For additional information on amsmath, use the `?' option.
(c:/texlive/2024/texmf-dist/tex/latex/amsmath/amsbsy.sty
Package: amsbsy 1999/11/29 v1.2d Bold Symbols
\pmbraise@=\dimen196
) (c:/texlive/2024/texmf-dist/tex/latex/amsmath/amsopn.sty
Package: amsopn 2022/04/08 v2.04 operator names
)
\inf@bad=\count440
LaTeX Info: Redefining \frac on input line 234.
\uproot@=\count441
\leftroot@=\count442
LaTeX Info: Redefining \overline on input line 399.
LaTeX Info: Redefining \colon on input line 410.
\classnum@=\count443
\DOTSCASE@=\count444
LaTeX Info: Redefining \ldots on input line 496.
LaTeX Info: Redefining \dots on input line 499.
LaTeX Info: Redefining \cdots on input line 620.
\Mathstrutbox@=\box114
\strutbox@=\box115
LaTeX Info: Redefining \big on input line 722.
LaTeX Info: Redefining \Big on input line 723.
LaTeX Info: Redefining \bigg on input line 724.
LaTeX Info: Redefining \Bigg on input line 725.
\big@size=\dimen197
LaTeX Font Info:    Redeclaring font encoding OML on input line 743.
LaTeX Font Info:    Redeclaring font encoding OMS on input line 744.
\macc@depth=\count445
LaTeX Info: Redefining \bmod on input line 905.
LaTeX Info: Redefining \pmod on input line 910.
LaTeX Info: Redefining \smash on input line 940.
LaTeX Info: Redefining \relbar on input line 970.
LaTeX Info: Redefining \Relbar on input line 971.
\c@MaxMatrixCols=\count446
\dotsspace@=\muskip21
\c@parentequation=\count447
\dspbrk@lvl=\count448
\tag@help=\toks31
\row@=\count449
\column@=\count450
\maxfields@=\count451
\andhelp@=\toks32
\eqnshift@=\dimen198
\alignsep@=\dimen199
\tagshift@=\dimen256
\tagwidth@=\dimen257
\totwidth@=\dimen258
\lineht@=\dimen259
\@envbody=\toks33
\multlinegap=\skip100
\multlinetaggap=\skip101
\mathdisplay@stack=\toks34
LaTeX Info: Redefining \[ on input line 2953.
LaTeX Info: Redefining \] on input line 2954.
)
\g_MT_multlinerow_int=\count452
\l_MT_multwidth_dim=\dimen260
\origjot=\skip102
\l_MT_shortvdotswithinadjustabove_dim=\dimen261
\l_MT_shortvdotswithinadjustbelow_dim=\dimen262
\l_MT_above_intertext_sep=\dimen263
\l_MT_below_intertext_sep=\dimen264
\l_MT_above_shortintertext_sep=\dimen265
\l_MT_below_shortintertext_sep=\dimen266
\xmathstrut@box=\box116
\xmathstrut@dim=\dimen267
))
\@quotelevel=\count453
\@quotereset=\count454
Package translations Info: No language package found. I am going to use `english' as default language. on input line 15.
 (./main.aux)
\openout1 = `main.aux'.

LaTeX Font Info:    Checking defaults for OML/cmm/m/it on input line 15.
LaTeX Font Info:    ... okay on input line 15.
LaTeX Font Info:    Checking defaults for OMS/cmsy/m/n on input line 15.
LaTeX Font Info:    ... okay on input line 15.
LaTeX Font Info:    Checking defaults for OT1/cmr/m/n on input line 15.
LaTeX Font Info:    ... okay on input line 15.
LaTeX Font Info:    Checking defaults for T1/cmr/m/n on input line 15.
LaTeX Font Info:    ... okay on input line 15.
LaTeX Font Info:    Checking defaults for TS1/cmr/m/n on input line 15.
LaTeX Font Info:    ... okay on input line 15.
LaTeX Font Info:    Checking defaults for OMX/cmex/m/n on input line 15.
LaTeX Font Info:    ... okay on input line 15.
LaTeX Font Info:    Checking defaults for U/cmr/m/n on input line 15.
LaTeX Font Info:    ... okay on input line 15.
\c@lstlisting=\count455
Package caption Info: Begin \AtBeginDocument code.
Package caption Info: float package is loaded.
Package caption Info: End \AtBeginDocument code.

*geometry* driver: auto-detecting
*geometry* detected driver: pdftex
*geometry* verbose mode - [ preamble ] result:
* driver: pdftex
* paper: letterpaper
* layout: <same size as paper>
* layoutoffset:(h,v)=(0.0pt,0.0pt)
* modes: includehead includefoot 
* h-part:(L,W,R)=(72.26999pt, 469.75502pt, 72.26999pt)
* v-part:(T,H,B)=(72.26999pt, 650.43001pt, 72.26999pt)
* \paperwidth=614.295pt
* \paperheight=794.96999pt
* \textwidth=469.75502pt
* \textheight=583.43001pt
* \oddsidemargin=0.0pt
* \evensidemargin=0.0pt
* \topmargin=0.0pt
* \headheight=12.0pt
* \headsep=25.0pt
* \topskip=12.0pt
* \footskip=30.0pt
* \marginparwidth=44.0pt
* \marginparsep=10.0pt
* \columnsep=10.0pt
* \skip\footins=10.8pt plus 4.0pt minus 2.0pt
* \hoffset=0.0pt
* \voffset=0.0pt
* \mag=1000
* \@twocolumnfalse
* \@twosidefalse
* \@mparswitchfalse
* \@reversemarginfalse
* (1in=72.27pt=25.4mm, 1cm=28.453pt)

Package biblatex Info: Trying to load language 'english'...
Package biblatex Info: ... file 'english.lbx' found.
(c:/texlive/2024/texmf-dist/tex/latex/biblatex/lbx/english.lbx
File: english.lbx 2024/03/21 v3.20 biblatex localization (PK/MW)
)
Package biblatex Info: Input encoding 'utf8' detected.
Package biblatex Info: Automatic encoding selection.
(biblatex)             Assuming data encoding 'utf8'.
\openout3 = `main.bcf'.

Package biblatex Info: Trying to load bibliographic data...
Package biblatex Info: ... file 'main.bbl' found.
 (./main.bbl)
Package biblatex Info: Reference section=0 on input line 15.
Package biblatex Info: Reference segment=0 on input line 15.
 (c:/texlive/2024/texmf-dist/tex/context/base/mkii/supp-pdf.mkii
[Loading MPS to PDF converter (version 2006.09.02).]
\scratchcounter=\count456
\scratchdimen=\dimen268
\scratchbox=\box117
\nofMPsegments=\count457
\nofMParguments=\count458
\everyMPshowfont=\toks35
\MPscratchCnt=\count459
\MPscratchDim=\dimen269
\MPnumerator=\count460
\makeMPintoPDFobject=\count461
\everyMPtoPDFconversion=\toks36
) (c:/texlive/2024/texmf-dist/tex/latex/epstopdf-pkg/epstopdf-base.sty
Package: epstopdf-base 2020-01-24 v2.11 Base part for package epstopdf
Package epstopdf-base Info: Redefining graphics rule for `.eps' on input line 485.
 (c:/texlive/2024/texmf-dist/tex/latex/latexconfig/epstopdf-sys.cfg
File: epstopdf-sys.cfg 2010/07/13 v1.3 Configuration of (r)epstopdf for TeX Live
))
\symgns@font=\mathgroup4
LaTeX Font Info:    Overwriting symbol font `gns@font' in version `bold'
(Font)                  TS1/cmr/m/n --> TS1/cmr/b/n on input line 15.
Package gensymb Info: Math companion symbols declared on input line 15.
LaTeX Info: Redefining \degree on input line 15.
LaTeX Info: Redefining \celsius on input line 15.
Package gensymb Info: Using text companion symbols for \degree, \celsius and \perthousand on input line 15.
LaTeX Info: Redefining \ohm on input line 15.
Package gensymb Info: Using \textohm for \ohm on input line 15.
Package gensymb Info: Using \textmu for \micro on input line 15.
 (c:/texlive/2024/texmf-dist/tex/latex/translations/translations-basic-dictionary-english.trsl
File: translations-basic-dictionary-english.trsl (english translation file `translations-basic-dictionary')
)
Package translations Info: loading dictionary `translations-basic-dictionary' for `english'. on input line 15.
 (./Layout/titlepage.tex
<Logo/GreenTeam_Logo2.png, id=1, 837.3684pt x 1083.0864pt>
File: Logo/GreenTeam_Logo2.png Graphic file (type png)
<use Logo/GreenTeam_Logo2.png>
Package pdftex.def Info: Logo/GreenTeam_Logo2.png  used on input line 10.
(pdftex.def)             Requested size: 117.43875pt x 151.89548pt.
 [1

{c:/texlive/2024/texmf-var/fonts/map/pdftex/updmap/pdftex.map}{c:/texlive/2024/texmf-dist/fonts/enc/dvips/cm-super/cm-super-t1.enc} <./Logo/GreenTeam_Logo2.png>]) (./Layout/headerfooter.tex) (./main.toc)
\tf@toc=\write4
\openout4 = `main.toc'.

 [1] (./Sections/0_Abstract.tex
Underfull \hbox (badness 10000) in paragraph at lines 2--4

 []

) [2] (./Sections/Tools.tex) [3] (./Sections/1_Power.tex
<../../PLOTS/PWR_total.png, id=27, 1445.4pt x 722.7pt>
File: ../../PLOTS/PWR_total.png Graphic file (type png)
<use ../../PLOTS/PWR_total.png>
Package pdftex.def Info: ../../PLOTS/PWR_total.png  used on input line 10.
(pdftex.def)             Requested size: 469.75502pt x 234.87471pt.
<../../PLOTS/E_total.png, id=28, 1445.4pt x 722.7pt>
File: ../../PLOTS/E_total.png Graphic file (type png)
<use ../../PLOTS/E_total.png>
Package pdftex.def Info: ../../PLOTS/E_total.png  used on input line 34.
(pdftex.def)             Requested size: 469.75502pt x 234.87471pt.
 [4 <../../PLOTS/PWR_total.png>]
<../../PLOTS/PWR_r205.png, id=33, 1445.4pt x 722.7pt>
File: ../../PLOTS/PWR_r205.png Graphic file (type png)
<use ../../PLOTS/PWR_r205.png>
Package pdftex.def Info: ../../PLOTS/PWR_r205.png  used on input line 64.
(pdftex.def)             Requested size: 469.75502pt x 234.87471pt.
 [5 <../../PLOTS/E_total.png>]
<../../PLOTS/PWR_r205n01.png, id=38, 1445.4pt x 722.7pt>
File: ../../PLOTS/PWR_r205n01.png Graphic file (type png)
<use ../../PLOTS/PWR_r205n01.png>
Package pdftex.def Info: ../../PLOTS/PWR_r205n01.png  used on input line 74.
(pdftex.def)             Requested size: 469.75502pt x 234.87471pt.
 [6 <../../PLOTS/PWR_r205.png> <../../PLOTS/PWR_r205n01.png>]
<../../PLOTS/PWR_r206.png, id=45, 1445.4pt x 722.7pt>
File: ../../PLOTS/PWR_r206.png Graphic file (type png)
<use ../../PLOTS/PWR_r206.png>
Package pdftex.def Info: ../../PLOTS/PWR_r206.png  used on input line 87.
(pdftex.def)             Requested size: 469.75502pt x 234.87471pt.
<../../PLOTS/PWR_r206n01.png, id=46, 1445.4pt x 722.7pt>
File: ../../PLOTS/PWR_r206n01.png Graphic file (type png)
<use ../../PLOTS/PWR_r206n01.png>
Package pdftex.def Info: ../../PLOTS/PWR_r206n01.png  used on input line 97.
(pdftex.def)             Requested size: 469.75502pt x 234.87471pt.
 [7 <../../PLOTS/PWR_r206.png> <../../PLOTS/PWR_r206n01.png>]
<../../PLOTS/PWR_stl_r206n01.png, id=52, 1806.75pt x 1806.75pt>
File: ../../PLOTS/PWR_stl_r206n01.png Graphic file (type png)
<use ../../PLOTS/PWR_stl_r206n01.png>
Package pdftex.def Info: ../../PLOTS/PWR_stl_r206n01.png  used on input line 110.
(pdftex.def)             Requested size: 469.75502pt x 469.74393pt.
 [8 <../../PLOTS/PWR_stl_r206n01.png>]
<../../PLOTS/PWR_prophet.png, id=57, 650.43pt x 646.3347pt>
File: ../../PLOTS/PWR_prophet.png Graphic file (type png)
<use ../../PLOTS/PWR_prophet.png>
Package pdftex.def Info: ../../PLOTS/PWR_prophet.png  used on input line 123.
(pdftex.def)             Requested size: 469.75502pt x 466.81038pt.
) [9 <../../PLOTS/PWR_prophet.png>] [10] (./Sections/2_CarbonIntensity.tex
<../../PLOTS/CI_direct.png, id=65, 1445.4pt x 722.7pt>
File: ../../PLOTS/CI_direct.png Graphic file (type png)
<use ../../PLOTS/CI_direct.png>
Package pdftex.def Info: ../../PLOTS/CI_direct.png  used on input line 10.
(pdftex.def)             Requested size: 469.75502pt x 234.87471pt.
<../../PLOTS/CI_LCA+direct.png, id=66, 1445.4pt x 722.7pt>
File: ../../PLOTS/CI_LCA+direct.png Graphic file (type png)
<use ../../PLOTS/CI_LCA+direct.png>
Package pdftex.def Info: ../../PLOTS/CI_LCA+direct.png  used on input line 20.
(pdftex.def)             Requested size: 469.75502pt x 234.87471pt.
 [11 <../../PLOTS/CI_direct.png> <../../PLOTS/CI_LCA+direct.png>]
<../../PLOTS/CI_comparison.png, id=72, 1806.75pt x 1084.05pt>
File: ../../PLOTS/CI_comparison.png Graphic file (type png)
<use ../../PLOTS/CI_comparison.png>
Package pdftex.def Info: ../../PLOTS/CI_comparison.png  used on input line 45.
(pdftex.def)             Requested size: 469.75502pt x 281.84636pt.
<../../PLOTS/CI_stl.png, id=73, 1806.75pt x 1806.75pt>
File: ../../PLOTS/CI_stl.png Graphic file (type png)
<use ../../PLOTS/CI_stl.png>
Package pdftex.def Info: ../../PLOTS/CI_stl.png  used on input line 58.
(pdftex.def)             Requested size: 469.75502pt x 469.74393pt.
 [12 <../../PLOTS/CI_comparison.png>] [13 <../../PLOTS/CI_stl.png>]
<../../PLOTS/CI_prophet.png, id=83, 650.43pt x 655.248pt>
File: ../../PLOTS/CI_prophet.png Graphic file (type png)
<use ../../PLOTS/CI_prophet.png>
Package pdftex.def Info: ../../PLOTS/CI_prophet.png  used on input line 72.
(pdftex.def)             Requested size: 469.75502pt x 473.24794pt.
) [14 <../../PLOTS/CI_prophet.png>] (./Sections/3_OperationalCarbonFootprint.tex
<../../PLOTS/Cop_total.png, id=88, 1445.4pt x 722.7pt>
File: ../../PLOTS/Cop_total.png Graphic file (type png)
<use ../../PLOTS/Cop_total.png>
Package pdftex.def Info: ../../PLOTS/Cop_total.png  used on input line 9.
(pdftex.def)             Requested size: 469.75502pt x 234.87471pt.
<../../PLOTS/Cop_stl.png, id=89, 1806.75pt x 1806.75pt>
File: ../../PLOTS/Cop_stl.png Graphic file (type png)
<use ../../PLOTS/Cop_stl.png>
Package pdftex.def Info: ../../PLOTS/Cop_stl.png  used on input line 33.
(pdftex.def)             Requested size: 469.75502pt x 469.74393pt.
 [15 <../../PLOTS/Cop_total.png>] [16 <../../PLOTS/Cop_stl.png>]
<../../PLOTS/Cop_prophet.png, id=98, 650.43pt x 645.3711pt>
File: ../../PLOTS/Cop_prophet.png Graphic file (type png)
<use ../../PLOTS/Cop_prophet.png>
Package pdftex.def Info: ../../PLOTS/Cop_prophet.png  used on input line 48.
(pdftex.def)             Requested size: 469.75502pt x 466.11443pt.
) [17] [18 <../../PLOTS/Cop_prophet.png>] (./main.aux)
 ***********
LaTeX2e <2023-11-01> patch level 1
L3 programming layer <2024-03-14>
 ***********
Package logreq Info: Writing requests to 'main.run.xml'.
\openout1 = `main.run.xml'.

 ) 
Here is how much of TeX's memory you used:
 20198 strings out of 474104
 415062 string characters out of 5747502
 1933496 words of memory out of 5000000
 42324 multiletter control sequences out of 15000+600000
 570991 words of font info for 62 fonts, out of 8000000 for 9000
 1141 hyphenation exceptions out of 8191
 94i,13n,107p,774b,852s stack positions out of 10000i,1000n,20000p,200000b,200000s
<c:/texlive/2024/texmf-dist/fonts/type1/public/cm-super/sfbx1095.pfb><c:/texlive/2024/texmf-dist/fonts/type1/public/cm-super/sfbx1200.pfb><c:/texlive/2024/texmf-dist/fonts/type1/public/cm-super/sfbx1440.pfb><c:/texlive/2024/texmf-dist/fonts/type1/public/cm-super/sfbx1728.pfb><c:/texlive/2024/texmf-dist/fonts/type1/public/cm-super/sfbx2488.pfb><c:/texlive/2024/texmf-dist/fonts/type1/public/cm-super/sfrm1095.pfb><c:/texlive/2024/texmf-dist/fonts/type1/public/cm-super/sfrm1200.pfb><c:/texlive/2024/texmf-dist/fonts/type1/public/cm-super/sfrm1440.pfb><c:/texlive/2024/texmf-dist/fonts/type1/public/cm-super/sfrm2074.pfb>
Output written on main.pdf (19 pages, 20107343 bytes).
PDF statistics:
 147 PDF objects out of 1000 (max. 8388607)
 73 compressed objects within 1 object stream
 0 named destinations out of 1000 (max. 500000)
 86 words of extra memory for PDF output out of 10000 (max. 10000000)

